Using pre-set license
Built from '2020.3/staging' branch; Version is '2020.3.4f1 (0abb6314276a) revision 703331'; Using compiler version '192528614'; Build Type 'Release'
OS: 'Windows 10 Pro; OS build 19041.985; Version 2004; 64bit' Language: 'en' Physical Memory: 32619 MB
BatchMode: 1, IsHumanControllingUs: 0, StartBugReporterOnCrash: 0, Is64bit: 1, IsPro: 0

 COMMAND LINE ARGUMENTS:
C:\Program Files\Unity\Hub\Editor\2020.3.3f1\Editor\Unity.exe
-adb2
-batchMode
-noUpm
-name
AssetImportWorker0
-projectPath
C:/Users/josø/TowerDefense
-logFile
Logs/AssetImportWorker0.log
-srvPort
60439
Successfully changed project path to: C:/Users/josø/TowerDefense
C:/Users/josø/TowerDefense
Using Asset Import Pipeline V2.
Refreshing native plugins compatible for Editor in 26.30 ms, found 0 plugins.
Preloading 0 native plugins for Editor in 0.00 ms.
Initialize engine version: 2020.3.4f1 (0abb6314276a)
[Subsystems] Discovering subsystems at path C:/Program Files/Unity/Hub/Editor/2020.3.3f1/Editor/Data/Resources/UnitySubsystems
[Subsystems] Discovering subsystems at path C:/Users/josø/TowerDefense/Assets
GfxDevice: creating device client; threaded=0
Direct3D:
    Version:  Direct3D 11.0 [level 11.1]
    Renderer: NVIDIA Quadro P620 (ID=0x1cb6)
    Vendor:   
    VRAM:     1977 MB
    Driver:   27.21.14.5148
Initialize mono
Mono path[0] = 'C:/Program Files/Unity/Hub/Editor/2020.3.3f1/Editor/Data/Managed'
Mono path[1] = 'C:/Program Files/Unity/Hub/Editor/2020.3.3f1/Editor/Data/MonoBleedingEdge/lib/mono/unityjit'
Mono config path = 'C:/Program Files/Unity/Hub/Editor/2020.3.3f1/Editor/Data/MonoBleedingEdge/etc'
Using monoOptions --debugger-agent=transport=dt_socket,embedding=1,server=y,suspend=n,address=127.0.0.1:56860
Begin MonoManager ReloadAssembly
Registering precompiled unity dll's ...
Register platform support module: C:/Program Files/Unity/Hub/Editor/2020.3.3f1/Editor/Data/PlaybackEngines/WindowsStandaloneSupport/UnityEditor.WindowsStandalone.Extensions.dll
Registered in 0.001690 seconds.
Native extension for WindowsStandalone target not found
Refreshing native plugins compatible for Editor in 20.66 ms, found 0 plugins.
Preloading 0 native plugins for Editor in 0.00 ms.
Mono: successfully reloaded assembly
- Completed reload, in  0.851 seconds
Platform modules already initialized, skipping
Registering precompiled user dll's ...
Registered in 0.000634 seconds.
Begin MonoManager ReloadAssembly
Native extension for WindowsStandalone target not found
Refreshing native plugins compatible for Editor in 0.18 ms, found 0 plugins.
Preloading 0 native plugins for Editor in 0.00 ms.
Mono: successfully reloaded assembly
- Completed reload, in  0.702 seconds
Platform modules already initialized, skipping
========================================================================
Worker process is ready to serve import requests
Launched and connected shader compiler UnityShaderCompiler.exe after 0.03 seconds
Refreshing native plugins compatible for Editor in 0.23 ms, found 0 plugins.
Preloading 0 native plugins for Editor in 0.00 ms.
Unloading 1131 Unused Serialized files (Serialized files now loaded: 0)
System memory in use before: 129.0 MB.
System memory in use after: 129.1 MB.

Unloading 10 unused Assets to reduce memory usage. Loaded Objects now: 1579.
Total: 1.614000 ms (FindLiveObjects: 0.191600 ms CreateObjectMapping: 0.061100 ms MarkObjects: 1.291800 ms  DeleteObjects: 0.068500 ms)

========================================================================
Received Import Request.
  path: Assets/TowerScripts/BuildManager.cs
  artifactKey: Guid(295294faf0ca80f46b5f55828527918f) Importer(815301076,1909f56bfc062723c751e8b465ee728b)
Start importing Assets/TowerScripts/BuildManager.cs using Guid(295294faf0ca80f46b5f55828527918f) Importer(815301076,1909f56bfc062723c751e8b465ee728b)  -> (artifact id: '0017029b31a6bc4d6e0a1e0aedf20d78') in 0.030610 seconds
  Import took 0.032220 seconds .

========================================================================
Received Import Request.
  Time since last request: 120.947249 seconds.
  path: Assets/TowerScripts/Node.cs
  artifactKey: Guid(0b89c9b210ae38241bdcd1a631fa44c9) Importer(815301076,1909f56bfc062723c751e8b465ee728b)
Start importing Assets/TowerScripts/Node.cs using Guid(0b89c9b210ae38241bdcd1a631fa44c9) Importer(815301076,1909f56bfc062723c751e8b465ee728b)  -> (artifact id: '044fa4336bad932c5b1e225db3c3481b') in 0.005865 seconds
  Import took 0.007764 seconds .

========================================================================
Received Import Request.
  Time since last request: 0.001467 seconds.
  path: Assets/TowerScripts/Node.cs
  artifactKey: Guid(0b89c9b210ae38241bdcd1a631fa44c9) Importer(815301076,1909f56bfc062723c751e8b465ee728b)
Start importing Assets/TowerScripts/Node.cs using Guid(0b89c9b210ae38241bdcd1a631fa44c9) Importer(815301076,1909f56bfc062723c751e8b465ee728b)  -> (artifact id: '044fa4336bad932c5b1e225db3c3481b') in 0.001708 seconds
  Import took 0.003207 seconds .

========================================================================
Received Import Request.
  Time since last request: 33.609807 seconds.
  path: Assets/NodeUI.cs
  artifactKey: Guid(dfee8538d579d4c4e879f1eff9db3dc3) Importer(815301076,1909f56bfc062723c751e8b465ee728b)
Start importing Assets/NodeUI.cs using Guid(dfee8538d579d4c4e879f1eff9db3dc3) Importer(815301076,1909f56bfc062723c751e8b465ee728b)  -> (artifact id: 'e26757d67ff031d9f49c50c754d71661') in 0.006402 seconds
  Import took 0.008325 seconds .

========================================================================
Received Import Request.
  Time since last request: 0.001757 seconds.
  path: Assets/NodeUI.cs
  artifactKey: Guid(dfee8538d579d4c4e879f1eff9db3dc3) Importer(815301076,1909f56bfc062723c751e8b465ee728b)
Start importing Assets/NodeUI.cs using Guid(dfee8538d579d4c4e879f1eff9db3dc3) Importer(815301076,1909f56bfc062723c751e8b465ee728b)  -> (artifact id: 'e26757d67ff031d9f49c50c754d71661') in 0.001618 seconds
  Import took 0.003461 seconds .

========================================================================
Received Prepare
Registering precompiled user dll's ...
Registered in 0.000608 seconds.
Begin MonoManager ReloadAssembly
Native extension for WindowsStandalone target not found
Refreshing native plugins compatible for Editor in 0.19 ms, found 0 plugins.
Preloading 0 native plugins for Editor in 0.00 ms.
Mono: successfully reloaded assembly
- Completed reload, in  0.618 seconds
Platform modules already initialized, skipping
Refreshing native plugins compatible for Editor in 0.19 ms, found 0 plugins.
Preloading 0 native plugins for Editor in 0.00 ms.
Unloading 1126 Unused Serialized files (Serialized files now loaded: 0)
System memory in use before: 129.0 MB.
System memory in use after: 129.0 MB.

Unloading 5 unused Assets to reduce memory usage. Loaded Objects now: 1582.
Total: 4.905200 ms (FindLiveObjects: 0.347700 ms CreateObjectMapping: 0.113300 ms MarkObjects: 4.298000 ms  DeleteObjects: 0.142700 ms)

========================================================================
Received Import Request.
  Time since last request: 55.240174 seconds.
  path: Assets/NodeUI.cs
  artifactKey: Guid(dfee8538d579d4c4e879f1eff9db3dc3) Importer(815301076,1909f56bfc062723c751e8b465ee728b)
Start importing Assets/NodeUI.cs using Guid(dfee8538d579d4c4e879f1eff9db3dc3) Importer(815301076,1909f56bfc062723c751e8b465ee728b)  -> (artifact id: '5dc1be31829522454f381e940877db33') in 0.010412 seconds
  Import took 0.015062 seconds .

========================================================================
Received Prepare
Registering precompiled user dll's ...
Registered in 0.000678 seconds.
Begin MonoManager ReloadAssembly
Native extension for WindowsStandalone target not found
Refreshing native plugins compatible for Editor in 0.18 ms, found 0 plugins.
Preloading 0 native plugins for Editor in 0.00 ms.
Mono: successfully reloaded assembly
- Completed reload, in  0.632 seconds
Platform modules already initialized, skipping
Refreshing native plugins compatible for Editor in 0.19 ms, found 0 plugins.
Preloading 0 native plugins for Editor in 0.00 ms.
Unloading 1126 Unused Serialized files (Serialized files now loaded: 0)
System memory in use before: 129.0 MB.
System memory in use after: 129.1 MB.

Unloading 5 unused Assets to reduce memory usage. Loaded Objects now: 1585.
Total: 3.598800 ms (FindLiveObjects: 0.281600 ms CreateObjectMapping: 0.094500 ms MarkObjects: 3.125200 ms  DeleteObjects: 0.095000 ms)

========================================================================
Received Prepare
Registering precompiled user dll's ...
Registered in 0.000514 seconds.
Begin MonoManager ReloadAssembly
Native extension for WindowsStandalone target not found
Refreshing native plugins compatible for Editor in 0.19 ms, found 0 plugins.
Preloading 0 native plugins for Editor in 0.00 ms.
Mono: successfully reloaded assembly
- Completed reload, in  0.619 seconds
Platform modules already initialized, skipping
Refreshing native plugins compatible for Editor in 0.18 ms, found 0 plugins.
Preloading 0 native plugins for Editor in 0.00 ms.
Unloading 1126 Unused Serialized files (Serialized files now loaded: 0)
System memory in use before: 129.0 MB.
System memory in use after: 129.1 MB.

Unloading 5 unused Assets to reduce memory usage. Loaded Objects now: 1588.
Total: 4.006100 ms (FindLiveObjects: 0.270700 ms CreateObjectMapping: 0.095100 ms MarkObjects: 3.528400 ms  DeleteObjects: 0.109100 ms)

========================================================================
Received Prepare
Registering precompiled user dll's ...
Registered in 0.000592 seconds.
Begin MonoManager ReloadAssembly
Native extension for WindowsStandalone target not found
Refreshing native plugins compatible for Editor in 0.20 ms, found 0 plugins.
Preloading 0 native plugins for Editor in 0.00 ms.
Mono: successfully reloaded assembly
- Completed reload, in  0.632 seconds
Platform modules already initialized, skipping
Refreshing native plugins compatible for Editor in 0.19 ms, found 0 plugins.
Preloading 0 native plugins for Editor in 0.00 ms.
Unloading 1126 Unused Serialized files (Serialized files now loaded: 0)
System memory in use before: 129.0 MB.
System memory in use after: 129.1 MB.

Unloading 5 unused Assets to reduce memory usage. Loaded Objects now: 1591.
Total: 2.992000 ms (FindLiveObjects: 0.247500 ms CreateObjectMapping: 0.093900 ms MarkObjects: 2.564900 ms  DeleteObjects: 0.083700 ms)

========================================================================
Received Prepare
Registering precompiled user dll's ...
Registered in 0.000498 seconds.
Begin MonoManager ReloadAssembly
Native extension for WindowsStandalone target not found
Refreshing native plugins compatible for Editor in 0.18 ms, found 0 plugins.
Preloading 0 native plugins for Editor in 0.00 ms.
Mono: successfully reloaded assembly
- Completed reload, in  0.615 seconds
Platform modules already initialized, skipping
Refreshing native plugins compatible for Editor in 0.18 ms, found 0 plugins.
Preloading 0 native plugins for Editor in 0.00 ms.
Unloading 1126 Unused Serialized files (Serialized files now loaded: 0)
System memory in use before: 129.0 MB.
System memory in use after: 129.1 MB.

Unloading 5 unused Assets to reduce memory usage. Loaded Objects now: 1594.
Total: 1.804000 ms (FindLiveObjects: 0.213300 ms CreateObjectMapping: 0.129800 ms MarkObjects: 1.400400 ms  DeleteObjects: 0.058600 ms)

========================================================================
Received Prepare
Registering precompiled user dll's ...
Registered in 0.000575 seconds.
Begin MonoManager ReloadAssembly
Native extension for WindowsStandalone target not found
Refreshing native plugins compatible for Editor in 0.19 ms, found 0 plugins.
Preloading 0 native plugins for Editor in 0.00 ms.
Mono: successfully reloaded assembly
- Completed reload, in  0.614 seconds
Platform modules already initialized, skipping
Refreshing native plugins compatible for Editor in 0.21 ms, found 0 plugins.
Preloading 0 native plugins for Editor in 0.00 ms.
Unloading 1126 Unused Serialized files (Serialized files now loaded: 0)
System memory in use before: 129.0 MB.
System memory in use after: 129.1 MB.

Unloading 5 unused Assets to reduce memory usage. Loaded Objects now: 1597.
Total: 1.512000 ms (FindLiveObjects: 0.139100 ms CreateObjectMapping: 0.037300 ms MarkObjects: 1.281700 ms  DeleteObjects: 0.052600 ms)

========================================================================
Received Import Request.
  Time since last request: 6073.636082 seconds.
  path: Assets/Canvas.controller
  artifactKey: Guid(0c4cc9d4cf47b3e4eb7ff7150bbc6d90) Importer(815301076,1909f56bfc062723c751e8b465ee728b)
Start importing Assets/Canvas.controller using Guid(0c4cc9d4cf47b3e4eb7ff7150bbc6d90) Importer(815301076,1909f56bfc062723c751e8b465ee728b)  -> (artifact id: 'cffc1fad7be98e70f4441b978b776d4f') in 0.019116 seconds
  Import took 0.021441 seconds .

========================================================================
Received Import Request.
  Time since last request: 3.033769 seconds.
  path: Assets/NodesUIAnimation.anim
  artifactKey: Guid(b635fdc7feffe52499cdf10325af54dc) Importer(815301076,1909f56bfc062723c751e8b465ee728b)
Start importing Assets/NodesUIAnimation.anim using Guid(b635fdc7feffe52499cdf10325af54dc) Importer(815301076,1909f56bfc062723c751e8b465ee728b)  -> (artifact id: '78831c6828070089d296229dc2af12ba') in 0.007202 seconds
  Import took 0.008810 seconds .

========================================================================
Received Import Request.
  Time since last request: 0.002396 seconds.
  path: Assets/NodesUIAnimation.anim
  artifactKey: Guid(b635fdc7feffe52499cdf10325af54dc) Importer(815301076,1909f56bfc062723c751e8b465ee728b)
Start importing Assets/NodesUIAnimation.anim using Guid(b635fdc7feffe52499cdf10325af54dc) Importer(815301076,1909f56bfc062723c751e8b465ee728b)  -> (artifact id: '78831c6828070089d296229dc2af12ba') in 0.001967 seconds
  Import took 0.003486 seconds .

========================================================================
Received Prepare
Registering precompiled user dll's ...
Registered in 0.000547 seconds.
Begin MonoManager ReloadAssembly
Native extension for WindowsStandalone target not found
Refreshing native plugins compatible for Editor in 0.18 ms, found 0 plugins.
Preloading 0 native plugins for Editor in 0.00 ms.
Mono: successfully reloaded assembly
- Completed reload, in  0.628 seconds
Platform modules already initialized, skipping
Refreshing native plugins compatible for Editor in 0.18 ms, found 0 plugins.
Preloading 0 native plugins for Editor in 0.00 ms.
Unloading 1126 Unused Serialized files (Serialized files now loaded: 0)
System memory in use before: 129.0 MB.
System memory in use after: 129.1 MB.

Unloading 5 unused Assets to reduce memory usage. Loaded Objects now: 1600.
Total: 1.371200 ms (FindLiveObjects: 0.112800 ms CreateObjectMapping: 0.029900 ms MarkObjects: 1.186700 ms  DeleteObjects: 0.041100 ms)

========================================================================
Received Import Request.
  Time since last request: 343.869442 seconds.
  path: Assets/NodeUI.cs
  artifactKey: Guid(dfee8538d579d4c4e879f1eff9db3dc3) Importer(815301076,1909f56bfc062723c751e8b465ee728b)
Start importing Assets/NodeUI.cs using Guid(dfee8538d579d4c4e879f1eff9db3dc3) Importer(815301076,1909f56bfc062723c751e8b465ee728b)  -> (artifact id: '55e24d0f8bbf0fbd56316b6229920f7c') in 0.003726 seconds
  Import took 0.005319 seconds .

========================================================================
Received Import Request.
  Time since last request: 4.577921 seconds.
  path: Assets/GameOver.anim
  artifactKey: Guid(425b536b6d76d54438dcc20b86916d5b) Importer(815301076,1909f56bfc062723c751e8b465ee728b)
Start importing Assets/GameOver.anim using Guid(425b536b6d76d54438dcc20b86916d5b) Importer(815301076,1909f56bfc062723c751e8b465ee728b)  -> (artifact id: '38fd189e331529e82cc4755c6267b242') in 0.012126 seconds
  Import took 0.013740 seconds .

========================================================================
Received Import Request.
  Time since last request: 34.068968 seconds.
  path: Assets/Node UI.controller
  artifactKey: Guid(0c4cc9d4cf47b3e4eb7ff7150bbc6d90) Importer(815301076,1909f56bfc062723c751e8b465ee728b)
Start importing Assets/Node UI.controller using Guid(0c4cc9d4cf47b3e4eb7ff7150bbc6d90) Importer(815301076,1909f56bfc062723c751e8b465ee728b)  -> (artifact id: '8a568be5ce99c989170b228491e708cc') in 0.006427 seconds
  Import took 0.008027 seconds .

========================================================================
Received Prepare
Registering precompiled user dll's ...
Registered in 0.000745 seconds.
Begin MonoManager ReloadAssembly
Native extension for WindowsStandalone target not found
Refreshing native plugins compatible for Editor in 0.18 ms, found 0 plugins.
Preloading 0 native plugins for Editor in 0.00 ms.
Mono: successfully reloaded assembly
- Completed reload, in  0.621 seconds
Platform modules already initialized, skipping
Refreshing native plugins compatible for Editor in 0.19 ms, found 0 plugins.
Preloading 0 native plugins for Editor in 0.00 ms.
Unloading 1126 Unused Serialized files (Serialized files now loaded: 0)
System memory in use before: 129.0 MB.
System memory in use after: 129.1 MB.

Unloading 5 unused Assets to reduce memory usage. Loaded Objects now: 1603.
Total: 4.856900 ms (FindLiveObjects: 0.414600 ms CreateObjectMapping: 0.123300 ms MarkObjects: 4.169700 ms  DeleteObjects: 0.145300 ms)

========================================================================
Received Prepare
Registering precompiled user dll's ...
Registered in 0.000607 seconds.
Begin MonoManager ReloadAssembly
Native extension for WindowsStandalone target not found
Refreshing native plugins compatible for Editor in 0.18 ms, found 0 plugins.
Preloading 0 native plugins for Editor in 0.00 ms.
Mono: successfully reloaded assembly
- Completed reload, in  0.602 seconds
Platform modules already initialized, skipping
Refreshing native plugins compatible for Editor in 0.18 ms, found 0 plugins.
Preloading 0 native plugins for Editor in 0.00 ms.
Unloading 1126 Unused Serialized files (Serialized files now loaded: 0)
System memory in use before: 129.0 MB.
System memory in use after: 129.1 MB.

Unloading 5 unused Assets to reduce memory usage. Loaded Objects now: 1606.
Total: 1.461800 ms (FindLiveObjects: 0.128000 ms CreateObjectMapping: 0.030400 ms MarkObjects: 1.231400 ms  DeleteObjects: 0.071100 ms)

========================================================================
Received Prepare
Registering precompiled user dll's ...
Registered in 0.000519 seconds.
Begin MonoManager ReloadAssembly
Native extension for WindowsStandalone target not found
Refreshing native plugins compatible for Editor in 0.19 ms, found 0 plugins.
Preloading 0 native plugins for Editor in 0.00 ms.
Mono: successfully reloaded assembly
- Completed reload, in  0.625 seconds
Platform modules already initialized, skipping
Refreshing native plugins compatible for Editor in 0.18 ms, found 0 plugins.
Preloading 0 native plugins for Editor in 0.00 ms.
Unloading 1126 Unused Serialized files (Serialized files now loaded: 0)
System memory in use before: 129.1 MB.
System memory in use after: 129.1 MB.

Unloading 5 unused Assets to reduce memory usage. Loaded Objects now: 1609.
Total: 4.424000 ms (FindLiveObjects: 0.358200 ms CreateObjectMapping: 0.119000 ms MarkObjects: 3.808400 ms  DeleteObjects: 0.135200 ms)

========================================================================
Received Import Request.
  Time since last request: 2792.079390 seconds.
  path: Assets/Animation
  artifactKey: Guid(c11b53eb35ed1794388330e92ef69541) Importer(815301076,1909f56bfc062723c751e8b465ee728b)
Start importing Assets/Animation using Guid(c11b53eb35ed1794388330e92ef69541) Importer(815301076,1909f56bfc062723c751e8b465ee728b)  -> (artifact id: '84159db5a047befa07fdaad2353bf201') in 0.007090 seconds
  Import took 0.008739 seconds .

========================================================================
Received Prepare
Registering precompiled user dll's ...
Registered in 0.000665 seconds.
Begin MonoManager ReloadAssembly
Native extension for WindowsStandalone target not found
Refreshing native plugins compatible for Editor in 0.19 ms, found 0 plugins.
Preloading 0 native plugins for Editor in 0.00 ms.
Mono: successfully reloaded assembly
- Completed reload, in  0.650 seconds
Platform modules already initialized, skipping
Refreshing native plugins compatible for Editor in 0.18 ms, found 0 plugins.
Preloading 0 native plugins for Editor in 0.00 ms.
Unloading 1126 Unused Serialized files (Serialized files now loaded: 0)
System memory in use before: 129.1 MB.
System memory in use after: 129.1 MB.

Unloading 5 unused Assets to reduce memory usage. Loaded Objects now: 1612.
Total: 1.976600 ms (FindLiveObjects: 0.191300 ms CreateObjectMapping: 0.047000 ms MarkObjects: 1.683400 ms  DeleteObjects: 0.053200 ms)

========================================================================
Received Import Request.
  Time since last request: 4374.984547 seconds.
  path: Assets/TowerScripts/Node.cs
  artifactKey: Guid(0b89c9b210ae38241bdcd1a631fa44c9) Importer(815301076,1909f56bfc062723c751e8b465ee728b)
Start importing Assets/TowerScripts/Node.cs using Guid(0b89c9b210ae38241bdcd1a631fa44c9) Importer(815301076,1909f56bfc062723c751e8b465ee728b)  -> (artifact id: 'e521956b582d97c9b17c2836be956546') in 0.003436 seconds
  Import took 0.005020 seconds .

========================================================================
Received Import Request.
  Time since last request: 26.714395 seconds.
  path: Assets/TowerScripts/Node.cs
  artifactKey: Guid(0b89c9b210ae38241bdcd1a631fa44c9) Importer(815301076,1909f56bfc062723c751e8b465ee728b)
Start importing Assets/TowerScripts/Node.cs using Guid(0b89c9b210ae38241bdcd1a631fa44c9) Importer(815301076,1909f56bfc062723c751e8b465ee728b)  -> (artifact id: '214f961d4da2956176608d7a088d6d7b') in 0.002146 seconds
  Import took 0.003974 seconds .

========================================================================
Received Import Request.
  Time since last request: 22.754923 seconds.
  path: Assets/TowerScripts/Node.cs
  artifactKey: Guid(0b89c9b210ae38241bdcd1a631fa44c9) Importer(815301076,1909f56bfc062723c751e8b465ee728b)
Start importing Assets/TowerScripts/Node.cs using Guid(0b89c9b210ae38241bdcd1a631fa44c9) Importer(815301076,1909f56bfc062723c751e8b465ee728b)  -> (artifact id: '80b83a0f96d1c0fe4119f66b2ec32f32') in 0.001683 seconds
  Import took 0.003264 seconds .

========================================================================
Received Import Request.
  Time since last request: 176.476758 seconds.
  path: Assets/TowerScripts/Node.cs
  artifactKey: Guid(0b89c9b210ae38241bdcd1a631fa44c9) Importer(815301076,1909f56bfc062723c751e8b465ee728b)
Start importing Assets/TowerScripts/Node.cs using Guid(0b89c9b210ae38241bdcd1a631fa44c9) Importer(815301076,1909f56bfc062723c751e8b465ee728b)  -> (artifact id: '82a46ab7f8254c9ab9638cd397a2a790') in 0.002198 seconds
  Import took 0.004374 seconds .

========================================================================
Received Import Request.
  Time since last request: 210.333273 seconds.
  path: Assets/TowerScripts/TurretBlueprint.cs
  artifactKey: Guid(b7ebef660f8661847a16c0a92e020762) Importer(815301076,1909f56bfc062723c751e8b465ee728b)
Start importing Assets/TowerScripts/TurretBlueprint.cs using Guid(b7ebef660f8661847a16c0a92e020762) Importer(815301076,1909f56bfc062723c751e8b465ee728b)  -> (artifact id: '41ba03d0040baa5dfdf4ca7c438545b6') in 0.004673 seconds
  Import took 0.006576 seconds .

========================================================================
Received Prepare
Registering precompiled user dll's ...
Registered in 0.000536 seconds.
Begin MonoManager ReloadAssembly
Native extension for WindowsStandalone target not found
Refreshing native plugins compatible for Editor in 0.19 ms, found 0 plugins.
Preloading 0 native plugins for Editor in 0.00 ms.
Mono: successfully reloaded assembly
- Completed reload, in  0.624 seconds
Platform modules already initialized, skipping
Refreshing native plugins compatible for Editor in 0.19 ms, found 0 plugins.
Preloading 0 native plugins for Editor in 0.00 ms.
Unloading 1126 Unused Serialized files (Serialized files now loaded: 0)
System memory in use before: 129.1 MB.
System memory in use after: 129.1 MB.

Unloading 5 unused Assets to reduce memory usage. Loaded Objects now: 1615.
Total: 4.623300 ms (FindLiveObjects: 0.303000 ms CreateObjectMapping: 0.114700 ms MarkObjects: 4.060100 ms  DeleteObjects: 0.142400 ms)

========================================================================
Received Prepare
Registering precompiled user dll's ...
Registered in 0.000602 seconds.
Begin MonoManager ReloadAssembly
Native extension for WindowsStandalone target not found
Refreshing native plugins compatible for Editor in 0.19 ms, found 0 plugins.
Preloading 0 native plugins for Editor in 0.00 ms.
Mono: successfully reloaded assembly
- Completed reload, in  0.602 seconds
Platform modules already initialized, skipping
Refreshing native plugins compatible for Editor in 0.19 ms, found 0 plugins.
Preloading 0 native plugins for Editor in 0.00 ms.
Unloading 1126 Unused Serialized files (Serialized files now loaded: 0)
System memory in use before: 129.1 MB.
System memory in use after: 129.1 MB.

Unloading 5 unused Assets to reduce memory usage. Loaded Objects now: 1618.
Total: 3.304800 ms (FindLiveObjects: 0.262800 ms CreateObjectMapping: 0.074900 ms MarkObjects: 2.864500 ms  DeleteObjects: 0.099500 ms)

========================================================================
Received Import Request.
  Time since last request: 1043.597154 seconds.
  path: Assets/NodeUI.cs
  artifactKey: Guid(15d582fabb13e9d448b336d6303c5d7e) Importer(815301076,1909f56bfc062723c751e8b465ee728b)
Start importing Assets/NodeUI.cs using Guid(15d582fabb13e9d448b336d6303c5d7e) Importer(815301076,1909f56bfc062723c751e8b465ee728b)  -> (artifact id: 'f055d7df67d3c976ca19ff4980ece51d') in 0.007786 seconds
  Import took 0.010261 seconds .

========================================================================
Received Import Request.
  Time since last request: 0.002285 seconds.
  path: Assets/NodeUI.cs
  artifactKey: Guid(15d582fabb13e9d448b336d6303c5d7e) Importer(815301076,1909f56bfc062723c751e8b465ee728b)
Start importing Assets/NodeUI.cs using Guid(15d582fabb13e9d448b336d6303c5d7e) Importer(815301076,1909f56bfc062723c751e8b465ee728b)  -> (artifact id: 'f055d7df67d3c976ca19ff4980ece51d') in 0.002469 seconds
  Import took 0.004203 seconds .

========================================================================
Received Prepare
Registering precompiled user dll's ...
Registered in 0.000586 seconds.
Begin MonoManager ReloadAssembly
Native extension for WindowsStandalone target not found
Refreshing native plugins compatible for Editor in 0.19 ms, found 0 plugins.
Preloading 0 native plugins for Editor in 0.00 ms.
Mono: successfully reloaded assembly
- Completed reload, in  0.613 seconds
Platform modules already initialized, skipping
Refreshing native plugins compatible for Editor in 0.18 ms, found 0 plugins.
Preloading 0 native plugins for Editor in 0.00 ms.
Unloading 1126 Unused Serialized files (Serialized files now loaded: 0)
System memory in use before: 129.1 MB.
System memory in use after: 129.2 MB.

Unloading 6 unused Assets to reduce memory usage. Loaded Objects now: 1621.
Total: 1.556100 ms (FindLiveObjects: 0.126500 ms CreateObjectMapping: 0.033500 ms MarkObjects: 1.346500 ms  DeleteObjects: 0.048700 ms)

========================================================================
Received Prepare
Registering precompiled user dll's ...
Registered in 0.000505 seconds.
Begin MonoManager ReloadAssembly
Native extension for WindowsStandalone target not found
Refreshing native plugins compatible for Editor in 0.19 ms, found 0 plugins.
Preloading 0 native plugins for Editor in 0.00 ms.
Mono: successfully reloaded assembly
- Completed reload, in  0.617 seconds
Platform modules already initialized, skipping
Refreshing native plugins compatible for Editor in 0.19 ms, found 0 plugins.
Preloading 0 native plugins for Editor in 0.00 ms.
Unloading 1126 Unused Serialized files (Serialized files now loaded: 0)
System memory in use before: 129.1 MB.
System memory in use after: 129.2 MB.

Unloading 5 unused Assets to reduce memory usage. Loaded Objects now: 1624.
Total: 1.706600 ms (FindLiveObjects: 0.143600 ms CreateObjectMapping: 0.037000 ms MarkObjects: 1.479200 ms  DeleteObjects: 0.045900 ms)

========================================================================
Received Import Request.
  Time since last request: 258.540182 seconds.
  path: Assets/Prefabs/Node.prefab
  artifactKey: Guid(e3351b748e7fd5e49b57afc8cd2a4454) Importer(815301076,1909f56bfc062723c751e8b465ee728b)
Start importing Assets/Prefabs/Node.prefab using Guid(e3351b748e7fd5e49b57afc8cd2a4454) Importer(815301076,1909f56bfc062723c751e8b465ee728b)  -> (artifact id: '8775821153590c94308eff611a58f1eb') in 0.069178 seconds
  Import took 0.071544 seconds .

========================================================================
Received Import Request.
  Time since last request: 30.015048 seconds.
  path: Assets/Prefabs/Turret 1.prefab
  artifactKey: Guid(a6219c61d9c2f4e44a8dc7e5756d3433) Importer(815301076,1909f56bfc062723c751e8b465ee728b)
Start importing Assets/Prefabs/Turret 1.prefab using Guid(a6219c61d9c2f4e44a8dc7e5756d3433) Importer(815301076,1909f56bfc062723c751e8b465ee728b)  -> (artifact id: '903ca895b31cb0e4bec31384cb9a4011') in 0.022484 seconds
  Import took 0.024368 seconds .

========================================================================
Received Import Request.
  Time since last request: 0.002359 seconds.
  path: Assets/Prefabs/Turret 1.prefab
  artifactKey: Guid(a6219c61d9c2f4e44a8dc7e5756d3433) Importer(815301076,1909f56bfc062723c751e8b465ee728b)
Start importing Assets/Prefabs/Turret 1.prefab using Guid(a6219c61d9c2f4e44a8dc7e5756d3433) Importer(815301076,1909f56bfc062723c751e8b465ee728b)  -> (artifact id: '903ca895b31cb0e4bec31384cb9a4011') in 0.012111 seconds
  Import took 0.014188 seconds .

========================================================================
Received Import Request.
  Time since last request: 16.703995 seconds.
  path: Assets/Prefabs/Turret_Upgraded.prefab
  artifactKey: Guid(a6219c61d9c2f4e44a8dc7e5756d3433) Importer(815301076,1909f56bfc062723c751e8b465ee728b)
Start importing Assets/Prefabs/Turret_Upgraded.prefab using Guid(a6219c61d9c2f4e44a8dc7e5756d3433) Importer(815301076,1909f56bfc062723c751e8b465ee728b)  -> (artifact id: '30f0997eaf2bca16ae96ae3009a348fb') in 0.011704 seconds
  Import took 0.013789 seconds .

========================================================================
Received Import Request.
  Time since last request: 111.343294 seconds.
  path: Assets/Prefabs/Bullet 1.prefab
  artifactKey: Guid(b81f5ccf95aa43344803291abaaa2694) Importer(815301076,1909f56bfc062723c751e8b465ee728b)
Start importing Assets/Prefabs/Bullet 1.prefab using Guid(b81f5ccf95aa43344803291abaaa2694) Importer(815301076,1909f56bfc062723c751e8b465ee728b)  -> (artifact id: 'b96b59ed3370a6aff7e990ea61cbf80f') in 0.012711 seconds
  Import took 0.014530 seconds .

========================================================================
Received Import Request.
  Time since last request: 0.002849 seconds.
  path: Assets/Prefabs/Bullet 1.prefab
  artifactKey: Guid(b81f5ccf95aa43344803291abaaa2694) Importer(815301076,1909f56bfc062723c751e8b465ee728b)
Start importing Assets/Prefabs/Bullet 1.prefab using Guid(b81f5ccf95aa43344803291abaaa2694) Importer(815301076,1909f56bfc062723c751e8b465ee728b)  -> (artifact id: 'b96b59ed3370a6aff7e990ea61cbf80f') in 0.008687 seconds
  Import took 0.010446 seconds .

========================================================================
Received Import Request.
  Time since last request: 12.660562 seconds.
  path: Assets/Prefabs/Bullet_Upgraded.prefab
  artifactKey: Guid(b81f5ccf95aa43344803291abaaa2694) Importer(815301076,1909f56bfc062723c751e8b465ee728b)
Start importing Assets/Prefabs/Bullet_Upgraded.prefab using Guid(b81f5ccf95aa43344803291abaaa2694) Importer(815301076,1909f56bfc062723c751e8b465ee728b)  -> (artifact id: 'ebf6031d9044e718ec22bdc582d9d5c6') in 0.011038 seconds
  Import took 0.013185 seconds .

========================================================================
Received Import Request.
  Time since last request: 40.489261 seconds.
  path: Assets/Prefabs/New Material.mat
  artifactKey: Guid(5771f307252be8748af17785d847602a) Importer(815301076,1909f56bfc062723c751e8b465ee728b)
Start importing Assets/Prefabs/New Material.mat using Guid(5771f307252be8748af17785d847602a) Importer(815301076,1909f56bfc062723c751e8b465ee728b)  -> (artifact id: '87913c7b05f80a46bc2e6a14f9a6dcf7') in 0.034771 seconds
  Import took 0.036820 seconds .

========================================================================
Received Import Request.
  Time since last request: 42.421983 seconds.
  path: Assets/Material/Bullet_Upgraded_Material.mat
  artifactKey: Guid(88adb40154c3a8d43a4b1520305b8b66) Importer(815301076,1909f56bfc062723c751e8b465ee728b)
Start importing Assets/Material/Bullet_Upgraded_Material.mat using Guid(88adb40154c3a8d43a4b1520305b8b66) Importer(815301076,1909f56bfc062723c751e8b465ee728b)  -> (artifact id: '74388e3f3572aa27d436484e60bef4cb') in 0.014802 seconds
  Import took 0.016744 seconds .

========================================================================
Received Import Request.
  Time since last request: 99.165032 seconds.
  path: Assets/Prefabs/Bullet_upgraded.prefab
  artifactKey: Guid(b81f5ccf95aa43344803291abaaa2694) Importer(815301076,1909f56bfc062723c751e8b465ee728b)
Start importing Assets/Prefabs/Bullet_upgraded.prefab using Guid(b81f5ccf95aa43344803291abaaa2694) Importer(815301076,1909f56bfc062723c751e8b465ee728b)  -> (artifact id: 'b93425f69477e9113f4765b381d27c9e') in 0.017656 seconds
  Import took 0.019425 seconds .

========================================================================
Received Import Request.
  Time since last request: 103.995672 seconds.
  path: Assets/Prefabs/Bullet_upgraded.prefab
  artifactKey: Guid(b81f5ccf95aa43344803291abaaa2694) Importer(815301076,1909f56bfc062723c751e8b465ee728b)
Start importing Assets/Prefabs/Bullet_upgraded.prefab using Guid(b81f5ccf95aa43344803291abaaa2694) Importer(815301076,1909f56bfc062723c751e8b465ee728b)  -> (artifact id: '27b1bfec63768639bcac8d21283f704b') in 0.011909 seconds
  Import took 0.013741 seconds .

========================================================================
Received Import Request.
  Time since last request: 37.360148 seconds.
  path: Assets/Prefabs/Turret_Upgraded.prefab
  artifactKey: Guid(a6219c61d9c2f4e44a8dc7e5756d3433) Importer(815301076,1909f56bfc062723c751e8b465ee728b)
Start importing Assets/Prefabs/Turret_Upgraded.prefab using Guid(a6219c61d9c2f4e44a8dc7e5756d3433) Importer(815301076,1909f56bfc062723c751e8b465ee728b)  -> (artifact id: '696bba30b2e7d1f1840010ff7ce496ed') in 0.011411 seconds
  Import took 0.013510 seconds .

========================================================================
Received Prepare
Registering precompiled user dll's ...
Registered in 0.000569 seconds.
Begin MonoManager ReloadAssembly
Native extension for WindowsStandalone target not found
Refreshing native plugins compatible for Editor in 0.19 ms, found 0 plugins.
Preloading 0 native plugins for Editor in 0.00 ms.
Mono: successfully reloaded assembly
- Completed reload, in  0.636 seconds
Platform modules already initialized, skipping
Refreshing native plugins compatible for Editor in 0.18 ms, found 0 plugins.
Preloading 0 native plugins for Editor in 0.00 ms.
Unloading 1126 Unused Serialized files (Serialized files now loaded: 0)
System memory in use before: 132.5 MB.
System memory in use after: 132.6 MB.

Unloading 6 unused Assets to reduce memory usage. Loaded Objects now: 1669.
Total: 1.601600 ms (FindLiveObjects: 0.133600 ms CreateObjectMapping: 0.030300 ms MarkObjects: 1.390500 ms  DeleteObjects: 0.046200 ms)

========================================================================
Received Import Request.
  Time since last request: 163.848642 seconds.
  path: Assets/Prefabs/Bulletimpactparts 2.prefab
  artifactKey: Guid(53776142ec2120f44a85e22b64eb386e) Importer(815301076,1909f56bfc062723c751e8b465ee728b)
Start importing Assets/Prefabs/Bulletimpactparts 2.prefab using Guid(53776142ec2120f44a85e22b64eb386e) Importer(815301076,1909f56bfc062723c751e8b465ee728b)  -> (artifact id: 'a5018a60efe4df0d546abaef153d8c28') in 0.024571 seconds
  Import took 0.026420 seconds .

========================================================================
Received Import Request.
  Time since last request: 12.746098 seconds.
  path: Assets/Prefabs/BulletimpactpartsUpgrade.prefab
  artifactKey: Guid(53776142ec2120f44a85e22b64eb386e) Importer(815301076,1909f56bfc062723c751e8b465ee728b)
Start importing Assets/Prefabs/BulletimpactpartsUpgrade.prefab using Guid(53776142ec2120f44a85e22b64eb386e) Importer(815301076,1909f56bfc062723c751e8b465ee728b)  -> (artifact id: '8e8a239b8e14226491b2c676bab86d2e') in 0.006608 seconds
  Import took 0.008782 seconds .

========================================================================
Received Import Request.
  Time since last request: 0.009330 seconds.
  path: Assets/Prefabs/BulletimpactpartsUpgrade.prefab
  artifactKey: Guid(53776142ec2120f44a85e22b64eb386e) Importer(815301076,1909f56bfc062723c751e8b465ee728b)
Start importing Assets/Prefabs/BulletimpactpartsUpgrade.prefab using Guid(53776142ec2120f44a85e22b64eb386e) Importer(815301076,1909f56bfc062723c751e8b465ee728b)  -> (artifact id: '8e8a239b8e14226491b2c676bab86d2e') in 0.003496 seconds
  Import took 0.005301 seconds .

========================================================================
Received Import Request.
  Time since last request: 6.919938 seconds.
  path: Assets/Material/Bullet_Upgraded_Material.mat
  artifactKey: Guid(88adb40154c3a8d43a4b1520305b8b66) Importer(815301076,1909f56bfc062723c751e8b465ee728b)
Start importing Assets/Material/Bullet_Upgraded_Material.mat using Guid(88adb40154c3a8d43a4b1520305b8b66) Importer(815301076,1909f56bfc062723c751e8b465ee728b)  -> (artifact id: 'b7c995be6071af0e31877869cb36e119') in 0.039088 seconds
  Import took 0.041020 seconds .

========================================================================
Received Import Request.
  Time since last request: 130.232568 seconds.
  path: Assets/Material/Bullet_Impact_Material.mat
  artifactKey: Guid(71028cb9c538adb409c1bf504fd33ba0) Importer(815301076,1909f56bfc062723c751e8b465ee728b)
Start importing Assets/Material/Bullet_Impact_Material.mat using Guid(71028cb9c538adb409c1bf504fd33ba0) Importer(815301076,1909f56bfc062723c751e8b465ee728b)  -> (artifact id: '7cc5ec0eb91cb07cbc02b6042b4cf37b') in 0.011242 seconds
  Import took 0.013172 seconds .

========================================================================
Received Import Request.
  Time since last request: 231.126488 seconds.
  path: Assets/Prefabs/BulletimpactpartsUpgrade.prefab
  artifactKey: Guid(53776142ec2120f44a85e22b64eb386e) Importer(815301076,1909f56bfc062723c751e8b465ee728b)
Start importing Assets/Prefabs/BulletimpactpartsUpgrade.prefab using Guid(53776142ec2120f44a85e22b64eb386e) Importer(815301076,1909f56bfc062723c751e8b465ee728b)  -> (artifact id: '06ad852d677bea324d81a71cd11ccab1') in 0.004465 seconds
  Import took 0.006865 seconds .

========================================================================
Received Prepare
Registering precompiled user dll's ...
Registered in 0.000534 seconds.
Begin MonoManager ReloadAssembly
Native extension for WindowsStandalone target not found
Refreshing native plugins compatible for Editor in 0.19 ms, found 0 plugins.
Preloading 0 native plugins for Editor in 0.00 ms.
Mono: successfully reloaded assembly
- Completed reload, in  0.603 seconds
Platform modules already initialized, skipping
Refreshing native plugins compatible for Editor in 0.20 ms, found 0 plugins.
Preloading 0 native plugins for Editor in 0.00 ms.
Unloading 1126 Unused Serialized files (Serialized files now loaded: 0)
System memory in use before: 132.5 MB.
System memory in use after: 132.6 MB.

Unloading 5 unused Assets to reduce memory usage. Loaded Objects now: 1673.
Total: 1.455800 ms (FindLiveObjects: 0.107400 ms CreateObjectMapping: 0.026600 ms MarkObjects: 1.278300 ms  DeleteObjects: 0.042700 ms)

========================================================================
Received Import Request.
  Time since last request: 129.461120 seconds.
  path: Assets/Prefabs/Bullet_upgraded.prefab
  artifactKey: Guid(b81f5ccf95aa43344803291abaaa2694) Importer(815301076,1909f56bfc062723c751e8b465ee728b)
Start importing Assets/Prefabs/Bullet_upgraded.prefab using Guid(b81f5ccf95aa43344803291abaaa2694) Importer(815301076,1909f56bfc062723c751e8b465ee728b)  -> (artifact id: 'c90f3b6c5cf38af2a090252616ada589') in 0.070451 seconds
  Import took 0.074249 seconds .

========================================================================
Received Prepare
Registering precompiled user dll's ...
Registered in 0.000544 seconds.
Begin MonoManager ReloadAssembly
Native extension for WindowsStandalone target not found
Refreshing native plugins compatible for Editor in 0.20 ms, found 0 plugins.
Preloading 0 native plugins for Editor in 0.00 ms.
Mono: successfully reloaded assembly
- Completed reload, in  0.624 seconds
Platform modules already initialized, skipping
Refreshing native plugins compatible for Editor in 0.18 ms, found 0 plugins.
Preloading 0 native plugins for Editor in 0.00 ms.
Unloading 1126 Unused Serialized files (Serialized files now loaded: 0)
System memory in use before: 132.5 MB.
System memory in use after: 132.6 MB.

Unloading 5 unused Assets to reduce memory usage. Loaded Objects now: 1677.
Total: 1.571100 ms (FindLiveObjects: 0.136600 ms CreateObjectMapping: 0.036900 ms MarkObjects: 1.351100 ms  DeleteObjects: 0.045100 ms)

========================================================================
Received Import Request.
  Time since last request: 52.891513 seconds.
  path: Assets/Prefabs/Turret_Upgraded.prefab
  artifactKey: Guid(a6219c61d9c2f4e44a8dc7e5756d3433) Importer(815301076,1909f56bfc062723c751e8b465ee728b)
Start importing Assets/Prefabs/Turret_Upgraded.prefab using Guid(a6219c61d9c2f4e44a8dc7e5756d3433) Importer(815301076,1909f56bfc062723c751e8b465ee728b)  -> (artifact id: '1de213c1e70ac62e998e7e972046d5aa') in 0.049759 seconds
  Import took 0.051687 seconds .

========================================================================
Received Prepare
Registering precompiled user dll's ...
Registered in 0.000615 seconds.
Begin MonoManager ReloadAssembly
Native extension for WindowsStandalone target not found
Refreshing native plugins compatible for Editor in 0.19 ms, found 0 plugins.
Preloading 0 native plugins for Editor in 0.00 ms.
Mono: successfully reloaded assembly
- Completed reload, in  0.677 seconds
Platform modules already initialized, skipping
Refreshing native plugins compatible for Editor in 0.18 ms, found 0 plugins.
Preloading 0 native plugins for Editor in 0.00 ms.
Unloading 1126 Unused Serialized files (Serialized files now loaded: 0)
System memory in use before: 132.5 MB.
System memory in use after: 132.6 MB.

Unloading 5 unused Assets to reduce memory usage. Loaded Objects now: 1681.
Total: 1.702400 ms (FindLiveObjects: 0.137000 ms CreateObjectMapping: 0.036300 ms MarkObjects: 1.483200 ms  DeleteObjects: 0.044600 ms)

========================================================================
Received Import Request.
  Time since last request: 212.953786 seconds.
  path: Assets/Prefabs/Bullet_upgraded.prefab
  artifactKey: Guid(b81f5ccf95aa43344803291abaaa2694) Importer(815301076,1909f56bfc062723c751e8b465ee728b)
Start importing Assets/Prefabs/Bullet_upgraded.prefab using Guid(b81f5ccf95aa43344803291abaaa2694) Importer(815301076,1909f56bfc062723c751e8b465ee728b)  -> (artifact id: 'b92764512166401b4340d1eef527ec52') in 0.049722 seconds
  Import took 0.051591 seconds .

========================================================================
Received Import Request.
  Time since last request: 14.934726 seconds.
  path: Assets/Prefabs/Bullet_upgraded.prefab
  artifactKey: Guid(b81f5ccf95aa43344803291abaaa2694) Importer(815301076,1909f56bfc062723c751e8b465ee728b)
Start importing Assets/Prefabs/Bullet_upgraded.prefab using Guid(b81f5ccf95aa43344803291abaaa2694) Importer(815301076,1909f56bfc062723c751e8b465ee728b)  -> (artifact id: '040b345ffe966b9a294425b670bdca79') in 0.012215 seconds
  Import took 0.014060 seconds .

========================================================================
Received Import Request.
  Time since last request: 177.991978 seconds.
  path: Assets/Material/Upgraded
  artifactKey: Guid(e6f708b8cabfb3a43a1d299563e5b6fe) Importer(815301076,1909f56bfc062723c751e8b465ee728b)
Start importing Assets/Material/Upgraded using Guid(e6f708b8cabfb3a43a1d299563e5b6fe) Importer(815301076,1909f56bfc062723c751e8b465ee728b)  -> (artifact id: 'e2ec04b5fa63639436d6b07a9082b022') in 0.005599 seconds
  Import took 0.007370 seconds .

========================================================================
Received Import Request.
  Time since last request: 189.503644 seconds.
  path: Assets/Material/Upgraded/Turret_Main_Upgrade.mat
  artifactKey: Guid(9c9fc1b9c5c943d4ab1b884fabb3fcc9) Importer(815301076,1909f56bfc062723c751e8b465ee728b)
Start importing Assets/Material/Upgraded/Turret_Main_Upgrade.mat using Guid(9c9fc1b9c5c943d4ab1b884fabb3fcc9) Importer(815301076,1909f56bfc062723c751e8b465ee728b)  -> (artifact id: 'fe8324120d01c01958a5595ec57d8790') in 0.026430 seconds
  Import took 0.028462 seconds .

========================================================================
Received Import Request.
  Time since last request: 64.464708 seconds.
  path: Assets/Material/Upgraded/Turret_Main_Upgrade 1.mat
  artifactKey: Guid(4c284aa3d19bbcf42ac2822786021092) Importer(815301076,1909f56bfc062723c751e8b465ee728b)
Start importing Assets/Material/Upgraded/Turret_Main_Upgrade 1.mat using Guid(4c284aa3d19bbcf42ac2822786021092) Importer(815301076,1909f56bfc062723c751e8b465ee728b)  -> (artifact id: '0ffa8e8b527397d6057c98f83d0e33a7') in 0.021114 seconds
  Import took 0.022942 seconds .

========================================================================
Received Import Request.
  Time since last request: 0.005933 seconds.
  path: Assets/Material/Upgraded/Turret_Main_Upgrade 1.mat
  artifactKey: Guid(4c284aa3d19bbcf42ac2822786021092) Importer(815301076,1909f56bfc062723c751e8b465ee728b)
Start importing Assets/Material/Upgraded/Turret_Main_Upgrade 1.mat using Guid(4c284aa3d19bbcf42ac2822786021092) Importer(815301076,1909f56bfc062723c751e8b465ee728b)  -> (artifact id: '0ffa8e8b527397d6057c98f83d0e33a7') in 0.012102 seconds
  Import took 0.013875 seconds .

========================================================================
Received Import Request.
  Time since last request: 228.151008 seconds.
  path: Assets/Material/Upgraded/Turret_Barrels_Upgrade.mat
  artifactKey: Guid(7e9c597d8a966604f83199b4c7917cdb) Importer(815301076,1909f56bfc062723c751e8b465ee728b)
Start importing Assets/Material/Upgraded/Turret_Barrels_Upgrade.mat using Guid(7e9c597d8a966604f83199b4c7917cdb) Importer(815301076,1909f56bfc062723c751e8b465ee728b)  -> (artifact id: '1e7ae56066a1d78916830d32d996b14e') in 0.010571 seconds
  Import took 0.012349 seconds .

========================================================================
Received Import Request.
  Time since last request: 184.633639 seconds.
  path: Assets/Material/Upgraded/Turret_Main_Upgraded.mat
  artifactKey: Guid(e9f7a88876dfaf94db2afe9b34a0cc66) Importer(815301076,1909f56bfc062723c751e8b465ee728b)
Start importing Assets/Material/Upgraded/Turret_Main_Upgraded.mat using Guid(e9f7a88876dfaf94db2afe9b34a0cc66) Importer(815301076,1909f56bfc062723c751e8b465ee728b)  -> (artifact id: 'f27b71c990a3e1c3af81a9195632cf28') in 0.012963 seconds
  Import took 0.015022 seconds .

========================================================================
Received Import Request.
  Time since last request: 127.893375 seconds.
  path: Assets/Material/Upgraded/Turret_Secondars_upgraded.mat
  artifactKey: Guid(14b5dfcee05e29b40ac2ea92ca7da5ce) Importer(815301076,1909f56bfc062723c751e8b465ee728b)
Start importing Assets/Material/Upgraded/Turret_Secondars_upgraded.mat using Guid(14b5dfcee05e29b40ac2ea92ca7da5ce) Importer(815301076,1909f56bfc062723c751e8b465ee728b)  -> (artifact id: '6344db115db06dc511340b05ddfa79a0') in 0.020861 seconds
  Import took 0.022538 seconds .

========================================================================
Received Import Request.
  Time since last request: 271.376046 seconds.
  path: Assets/Standard Turret/Turret_Barrels_upgraded.mat
  artifactKey: Guid(8d115b0ec63b8814e8624372d40639a4) Importer(815301076,1909f56bfc062723c751e8b465ee728b)
Start importing Assets/Standard Turret/Turret_Barrels_upgraded.mat using Guid(8d115b0ec63b8814e8624372d40639a4) Importer(815301076,1909f56bfc062723c751e8b465ee728b)  -> (artifact id: '881c588783a1bd51e641517dec821eae') in 0.013100 seconds
  Import took 0.015205 seconds .

========================================================================
Received Import Request.
  Time since last request: 0.000289 seconds.
  path: Assets/Standard Turret/Turret_Main_Upgraded.mat
  artifactKey: Guid(e9f7a88876dfaf94db2afe9b34a0cc66) Importer(815301076,1909f56bfc062723c751e8b465ee728b)
Start importing Assets/Standard Turret/Turret_Main_Upgraded.mat using Guid(e9f7a88876dfaf94db2afe9b34a0cc66) Importer(815301076,1909f56bfc062723c751e8b465ee728b)  -> (artifact id: 'dcb8c0089b38912b8b5fd59310571612') in 0.011991 seconds
  Import took 0.013589 seconds .

========================================================================
Received Import Request.
  Time since last request: 0.000280 seconds.
  path: Assets/Standard Turret/Turret_Secondars_upgraded.mat
  artifactKey: Guid(14b5dfcee05e29b40ac2ea92ca7da5ce) Importer(815301076,1909f56bfc062723c751e8b465ee728b)
Start importing Assets/Standard Turret/Turret_Secondars_upgraded.mat using Guid(14b5dfcee05e29b40ac2ea92ca7da5ce) Importer(815301076,1909f56bfc062723c751e8b465ee728b)  -> (artifact id: '04eb230e6ac7484520049d93bf2fc7cf') in 0.018295 seconds
  Import took 0.020024 seconds .

========================================================================
Received Prepare
Registering precompiled user dll's ...
Registered in 0.000574 seconds.
Begin MonoManager ReloadAssembly
Native extension for WindowsStandalone target not found
Refreshing native plugins compatible for Editor in 0.19 ms, found 0 plugins.
Preloading 0 native plugins for Editor in 0.00 ms.
Mono: successfully reloaded assembly
- Completed reload, in  0.621 seconds
Platform modules already initialized, skipping
Refreshing native plugins compatible for Editor in 0.19 ms, found 0 plugins.
Preloading 0 native plugins for Editor in 0.00 ms.
Unloading 1126 Unused Serialized files (Serialized files now loaded: 0)
System memory in use before: 132.5 MB.
System memory in use after: 132.6 MB.

Unloading 5 unused Assets to reduce memory usage. Loaded Objects now: 1685.
Total: 1.437600 ms (FindLiveObjects: 0.137600 ms CreateObjectMapping: 0.030500 ms MarkObjects: 1.223800 ms  DeleteObjects: 0.044700 ms)

========================================================================
Received Prepare
Registering precompiled user dll's ...
Registered in 0.000583 seconds.
Begin MonoManager ReloadAssembly
Native extension for WindowsStandalone target not found
Refreshing native plugins compatible for Editor in 0.19 ms, found 0 plugins.
Preloading 0 native plugins for Editor in 0.00 ms.
Mono: successfully reloaded assembly
- Completed reload, in  0.607 seconds
Platform modules already initialized, skipping
Refreshing native plugins compatible for Editor in 0.19 ms, found 0 plugins.
Preloading 0 native plugins for Editor in 0.00 ms.
Unloading 1126 Unused Serialized files (Serialized files now loaded: 0)
System memory in use before: 132.5 MB.
System memory in use after: 132.6 MB.

Unloading 5 unused Assets to reduce memory usage. Loaded Objects now: 1688.
Total: 1.654600 ms (FindLiveObjects: 0.144600 ms CreateObjectMapping: 0.035400 ms MarkObjects: 1.429400 ms  DeleteObjects: 0.044400 ms)

========================================================================
Received Prepare
Registering precompiled user dll's ...
Registered in 0.000553 seconds.
Begin MonoManager ReloadAssembly
Native extension for WindowsStandalone target not found
Refreshing native plugins compatible for Editor in 0.18 ms, found 0 plugins.
Preloading 0 native plugins for Editor in 0.00 ms.
Mono: successfully reloaded assembly
- Completed reload, in  0.597 seconds
Platform modules already initialized, skipping
Refreshing native plugins compatible for Editor in 0.18 ms, found 0 plugins.
Preloading 0 native plugins for Editor in 0.00 ms.
Unloading 1126 Unused Serialized files (Serialized files now loaded: 0)
System memory in use before: 132.6 MB.
System memory in use after: 132.6 MB.

Unloading 5 unused Assets to reduce memory usage. Loaded Objects now: 1691.
Total: 5.214700 ms (FindLiveObjects: 0.451700 ms CreateObjectMapping: 0.118900 ms MarkObjects: 4.472300 ms  DeleteObjects: 0.167700 ms)

AssetImportWorkerClient::OnTransportError - code=2 error=End of file
