Using pre-set license
Built from '2020.3/staging' branch; Version is '2020.3.4f1 (0abb6314276a) revision 703331'; Using compiler version '192528614'; Build Type 'Release'
OS: 'Windows 10 Pro; OS build 19041.928; Version 2004; 64bit' Language: 'en' Physical Memory: 32619 MB
BatchMode: 1, IsHumanControllingUs: 0, StartBugReporterOnCrash: 0, Is64bit: 1, IsPro: 0

 COMMAND LINE ARGUMENTS:
C:\Program Files\Unity\Hub\Editor\2020.3.3f1\Editor\Unity.exe
-adb2
-batchMode
-noUpm
-name
AssetImportWorker0
-projectPath
C:/Users/josø/TowerDefense
-logFile
Logs/AssetImportWorker0.log
-srvPort
56927
Successfully changed project path to: C:/Users/josø/TowerDefense
C:/Users/josø/TowerDefense
Using Asset Import Pipeline V2.
Refreshing native plugins compatible for Editor in 20.13 ms, found 0 plugins.
Preloading 0 native plugins for Editor in 0.00 ms.
Initialize engine version: 2020.3.4f1 (0abb6314276a)
[Subsystems] Discovering subsystems at path C:/Program Files/Unity/Hub/Editor/2020.3.3f1/Editor/Data/Resources/UnitySubsystems
[Subsystems] Discovering subsystems at path C:/Users/josø/TowerDefense/Assets
GfxDevice: creating device client; threaded=0
Direct3D:
    Version:  Direct3D 11.0 [level 11.1]
    Renderer: NVIDIA Quadro P620 (ID=0x1cb6)
    Vendor:   
    VRAM:     1977 MB
    Driver:   27.21.14.5148
Initialize mono
Mono path[0] = 'C:/Program Files/Unity/Hub/Editor/2020.3.3f1/Editor/Data/Managed'
Mono path[1] = 'C:/Program Files/Unity/Hub/Editor/2020.3.3f1/Editor/Data/MonoBleedingEdge/lib/mono/unityjit'
Mono config path = 'C:/Program Files/Unity/Hub/Editor/2020.3.3f1/Editor/Data/MonoBleedingEdge/etc'
Using monoOptions --debugger-agent=transport=dt_socket,embedding=1,server=y,suspend=n,address=127.0.0.1:56984
Begin MonoManager ReloadAssembly
Registering precompiled unity dll's ...
Register platform support module: C:/Program Files/Unity/Hub/Editor/2020.3.3f1/Editor/Data/PlaybackEngines/WindowsStandaloneSupport/UnityEditor.WindowsStandalone.Extensions.dll
Registered in 0.001672 seconds.
Native extension for WindowsStandalone target not found
Refreshing native plugins compatible for Editor in 19.89 ms, found 0 plugins.
Preloading 0 native plugins for Editor in 0.00 ms.
Mono: successfully reloaded assembly
- Completed reload, in  0.879 seconds
Platform modules already initialized, skipping
Registering precompiled user dll's ...
Registered in 0.000627 seconds.
Begin MonoManager ReloadAssembly
Native extension for WindowsStandalone target not found
Refreshing native plugins compatible for Editor in 0.19 ms, found 0 plugins.
Preloading 0 native plugins for Editor in 0.00 ms.
Mono: successfully reloaded assembly
- Completed reload, in  0.666 seconds
Platform modules already initialized, skipping
========================================================================
Worker process is ready to serve import requests
Launched and connected shader compiler UnityShaderCompiler.exe after 0.03 seconds
Refreshing native plugins compatible for Editor in 0.18 ms, found 0 plugins.
Preloading 0 native plugins for Editor in 0.00 ms.
Unloading 1129 Unused Serialized files (Serialized files now loaded: 0)
System memory in use before: 57.8 MB.
System memory in use after: 57.8 MB.

Unloading 10 unused Assets to reduce memory usage. Loaded Objects now: 1574.
Total: 1.667900 ms (FindLiveObjects: 0.131600 ms CreateObjectMapping: 0.036500 ms MarkObjects: 1.420200 ms  DeleteObjects: 0.076300 ms)

========================================================================
Received Import Request.
  path: Assets/Prefabs/Laser Beamer.prefab
  artifactKey: Guid(4b44733902b53654ea1e9b98ebf20159) Importer(815301076,1909f56bfc062723c751e8b465ee728b)
Start importing Assets/Prefabs/Laser Beamer.prefab using Guid(4b44733902b53654ea1e9b98ebf20159) Importer(815301076,1909f56bfc062723c751e8b465ee728b)  -> (artifact id: '790f197d7a34ec7aca967c24e5c28251') in 0.100052 seconds
  Import took 0.101985 seconds .

========================================================================
Received Import Request.
  Time since last request: 1830.094426 seconds.
  path: Assets/Prefabs/Laser Beamer.prefab
  artifactKey: Guid(4b44733902b53654ea1e9b98ebf20159) Importer(815301076,1909f56bfc062723c751e8b465ee728b)
Start importing Assets/Prefabs/Laser Beamer.prefab using Guid(4b44733902b53654ea1e9b98ebf20159) Importer(815301076,1909f56bfc062723c751e8b465ee728b)  -> (artifact id: '706e2b8ec02aba5f24fb598098f24a52') in 0.018691 seconds
  Import took 0.021245 seconds .

========================================================================
Received Import Request.
  Time since last request: 55.724519 seconds.
  path: Assets/Prefabs/Laser Beamer.prefab
  artifactKey: Guid(4b44733902b53654ea1e9b98ebf20159) Importer(815301076,1909f56bfc062723c751e8b465ee728b)
Start importing Assets/Prefabs/Laser Beamer.prefab using Guid(4b44733902b53654ea1e9b98ebf20159) Importer(815301076,1909f56bfc062723c751e8b465ee728b)  -> (artifact id: '26736b6faea3b906270c1080958c4e0c') in 0.011862 seconds
  Import took 0.013883 seconds .

========================================================================
Received Prepare
Registering precompiled user dll's ...
Registered in 0.000504 seconds.
Begin MonoManager ReloadAssembly
Native extension for WindowsStandalone target not found
Refreshing native plugins compatible for Editor in 0.18 ms, found 0 plugins.
Preloading 0 native plugins for Editor in 0.00 ms.
Mono: successfully reloaded assembly
- Completed reload, in  0.619 seconds
Platform modules already initialized, skipping
Refreshing native plugins compatible for Editor in 0.19 ms, found 0 plugins.
Preloading 0 native plugins for Editor in 0.00 ms.
Unloading 1124 Unused Serialized files (Serialized files now loaded: 0)
System memory in use before: 60.9 MB.
System memory in use after: 61.0 MB.

Unloading 5 unused Assets to reduce memory usage. Loaded Objects now: 1586.
Total: 1.670500 ms (FindLiveObjects: 0.132200 ms CreateObjectMapping: 0.031600 ms MarkObjects: 1.462200 ms  DeleteObjects: 0.043300 ms)

========================================================================
Received Import Request.
  Time since last request: 106.830025 seconds.
  path: Assets/Prefabs/Laser Beamer.prefab
  artifactKey: Guid(4b44733902b53654ea1e9b98ebf20159) Importer(815301076,1909f56bfc062723c751e8b465ee728b)
Start importing Assets/Prefabs/Laser Beamer.prefab using Guid(4b44733902b53654ea1e9b98ebf20159) Importer(815301076,1909f56bfc062723c751e8b465ee728b)  -> (artifact id: 'd180dab144cffb2e07a2661929f12900') in 0.051014 seconds
  Import took 0.052887 seconds .

========================================================================
Received Import Request.
  Time since last request: 85.127732 seconds.
  path: Assets/Prefabs/Laser Beamer.prefab
  artifactKey: Guid(4b44733902b53654ea1e9b98ebf20159) Importer(815301076,1909f56bfc062723c751e8b465ee728b)
Start importing Assets/Prefabs/Laser Beamer.prefab using Guid(4b44733902b53654ea1e9b98ebf20159) Importer(815301076,1909f56bfc062723c751e8b465ee728b)  -> (artifact id: '34d26559dc901d30a9ade85be6c8dbd1') in 0.012270 seconds
  Import took 0.014464 seconds .

========================================================================
Received Prepare
Registering precompiled user dll's ...
Registered in 0.000478 seconds.
Begin MonoManager ReloadAssembly
Native extension for WindowsStandalone target not found
Refreshing native plugins compatible for Editor in 0.18 ms, found 0 plugins.
Preloading 0 native plugins for Editor in 0.00 ms.
Mono: successfully reloaded assembly
- Completed reload, in  0.627 seconds
Platform modules already initialized, skipping
Refreshing native plugins compatible for Editor in 0.19 ms, found 0 plugins.
Preloading 0 native plugins for Editor in 0.00 ms.
Unloading 1124 Unused Serialized files (Serialized files now loaded: 0)
System memory in use before: 60.9 MB.
System memory in use after: 61.0 MB.

Unloading 5 unused Assets to reduce memory usage. Loaded Objects now: 1590.
Total: 1.538500 ms (FindLiveObjects: 0.135800 ms CreateObjectMapping: 0.036500 ms MarkObjects: 1.317500 ms  DeleteObjects: 0.047500 ms)

========================================================================
Received Import Request.
  Time since last request: 88.861773 seconds.
  path: Assets/Prefabs/Laser Beamer.prefab
  artifactKey: Guid(4b44733902b53654ea1e9b98ebf20159) Importer(815301076,1909f56bfc062723c751e8b465ee728b)
Start importing Assets/Prefabs/Laser Beamer.prefab using Guid(4b44733902b53654ea1e9b98ebf20159) Importer(815301076,1909f56bfc062723c751e8b465ee728b)  -> (artifact id: '0d605ec1737640521499efb8323d30ea') in 0.049667 seconds
  Import took 0.051590 seconds .

========================================================================
Received Prepare
Registering precompiled user dll's ...
Registered in 0.000490 seconds.
Begin MonoManager ReloadAssembly
Native extension for WindowsStandalone target not found
Refreshing native plugins compatible for Editor in 0.19 ms, found 0 plugins.
Preloading 0 native plugins for Editor in 0.00 ms.
Mono: successfully reloaded assembly
- Completed reload, in  0.605 seconds
Platform modules already initialized, skipping
Refreshing native plugins compatible for Editor in 0.19 ms, found 0 plugins.
Preloading 0 native plugins for Editor in 0.00 ms.
Unloading 1124 Unused Serialized files (Serialized files now loaded: 0)
System memory in use before: 60.9 MB.
System memory in use after: 61.0 MB.

Unloading 5 unused Assets to reduce memory usage. Loaded Objects now: 1594.
Total: 1.696300 ms (FindLiveObjects: 0.131400 ms CreateObjectMapping: 0.031000 ms MarkObjects: 1.486500 ms  DeleteObjects: 0.046000 ms)

========================================================================
Received Import Request.
  Time since last request: 84.619729 seconds.
  path: Assets/Prefabs/Laser Beamer.prefab
  artifactKey: Guid(4b44733902b53654ea1e9b98ebf20159) Importer(815301076,1909f56bfc062723c751e8b465ee728b)
Start importing Assets/Prefabs/Laser Beamer.prefab using Guid(4b44733902b53654ea1e9b98ebf20159) Importer(815301076,1909f56bfc062723c751e8b465ee728b)  -> (artifact id: '5dce724377e2e1141068326f0a806879') in 0.048944 seconds
  Import took 0.050811 seconds .

========================================================================
Received Prepare
Registering precompiled user dll's ...
Registered in 0.000618 seconds.
Begin MonoManager ReloadAssembly
Native extension for WindowsStandalone target not found
Refreshing native plugins compatible for Editor in 0.18 ms, found 0 plugins.
Preloading 0 native plugins for Editor in 0.00 ms.
Mono: successfully reloaded assembly
- Completed reload, in  0.603 seconds
Platform modules already initialized, skipping
Refreshing native plugins compatible for Editor in 0.18 ms, found 0 plugins.
Preloading 0 native plugins for Editor in 0.00 ms.
Unloading 1124 Unused Serialized files (Serialized files now loaded: 0)
System memory in use before: 61.0 MB.
System memory in use after: 61.0 MB.

Unloading 5 unused Assets to reduce memory usage. Loaded Objects now: 1598.
Total: 1.536500 ms (FindLiveObjects: 0.181600 ms CreateObjectMapping: 0.044100 ms MarkObjects: 1.271600 ms  DeleteObjects: 0.038200 ms)

========================================================================
Received Import Request.
  Time since last request: 232.704453 seconds.
  path: Assets/Prefabs/Laser Beamer.prefab
  artifactKey: Guid(4b44733902b53654ea1e9b98ebf20159) Importer(815301076,1909f56bfc062723c751e8b465ee728b)
Start importing Assets/Prefabs/Laser Beamer.prefab using Guid(4b44733902b53654ea1e9b98ebf20159) Importer(815301076,1909f56bfc062723c751e8b465ee728b)  -> (artifact id: 'c52b09e40508ae4fbde2a93a776f32a7') in 0.048882 seconds
  Import took 0.050802 seconds .

========================================================================
Received Prepare
Registering precompiled user dll's ...
Registered in 0.000616 seconds.
Begin MonoManager ReloadAssembly
Native extension for WindowsStandalone target not found
Refreshing native plugins compatible for Editor in 0.18 ms, found 0 plugins.
Preloading 0 native plugins for Editor in 0.00 ms.
Mono: successfully reloaded assembly
- Completed reload, in  0.594 seconds
Platform modules already initialized, skipping
Refreshing native plugins compatible for Editor in 0.19 ms, found 0 plugins.
Preloading 0 native plugins for Editor in 0.00 ms.
Unloading 1124 Unused Serialized files (Serialized files now loaded: 0)
System memory in use before: 61.0 MB.
System memory in use after: 61.1 MB.

Unloading 5 unused Assets to reduce memory usage. Loaded Objects now: 1602.
Total: 1.601000 ms (FindLiveObjects: 0.128300 ms CreateObjectMapping: 0.028700 ms MarkObjects: 1.397600 ms  DeleteObjects: 0.045500 ms)

========================================================================
Received Prepare
Registering precompiled user dll's ...
Registered in 0.000572 seconds.
Begin MonoManager ReloadAssembly
Native extension for WindowsStandalone target not found
Refreshing native plugins compatible for Editor in 0.19 ms, found 0 plugins.
Preloading 0 native plugins for Editor in 0.00 ms.
Mono: successfully reloaded assembly
- Completed reload, in  0.599 seconds
Platform modules already initialized, skipping
Refreshing native plugins compatible for Editor in 0.18 ms, found 0 plugins.
Preloading 0 native plugins for Editor in 0.00 ms.
Unloading 1124 Unused Serialized files (Serialized files now loaded: 0)
System memory in use before: 61.0 MB.
System memory in use after: 61.1 MB.

Unloading 5 unused Assets to reduce memory usage. Loaded Objects now: 1605.
Total: 4.186300 ms (FindLiveObjects: 0.318300 ms CreateObjectMapping: 0.101200 ms MarkObjects: 3.641200 ms  DeleteObjects: 0.122600 ms)

========================================================================
Received Import Request.
  Time since last request: 850.118541 seconds.
  path: Assets/TowerScripts/Bullet.cs
  artifactKey: Guid(62d67cc80d0cbbb43a3cf868e69f8154) Importer(815301076,1909f56bfc062723c751e8b465ee728b)
Start importing Assets/TowerScripts/Bullet.cs using Guid(62d67cc80d0cbbb43a3cf868e69f8154) Importer(815301076,1909f56bfc062723c751e8b465ee728b)  -> (artifact id: 'cc592e6fda1ea39685696402e9b09423') in 0.031616 seconds
  Import took 0.034700 seconds .

========================================================================
Received Import Request.
  Time since last request: 8.162656 seconds.
  path: Assets/TowerScripts/EnemyMovement.cs
  artifactKey: Guid(e06b83ee69c564946a60d64c8d6dae8c) Importer(815301076,1909f56bfc062723c751e8b465ee728b)
Start importing Assets/TowerScripts/EnemyMovement.cs using Guid(e06b83ee69c564946a60d64c8d6dae8c) Importer(815301076,1909f56bfc062723c751e8b465ee728b)  -> (artifact id: 'eec352319027599f9b295d0c6de08b3c') in 0.005474 seconds
  Import took 0.007202 seconds .

========================================================================
Received Import Request.
  Time since last request: 1360.495265 seconds.
  path: Assets/Prefabs/Laser Beamer.prefab
  artifactKey: Guid(4b44733902b53654ea1e9b98ebf20159) Importer(815301076,1909f56bfc062723c751e8b465ee728b)
Start importing Assets/Prefabs/Laser Beamer.prefab using Guid(4b44733902b53654ea1e9b98ebf20159) Importer(815301076,1909f56bfc062723c751e8b465ee728b)  -> (artifact id: '07c41a2b1d127edfea75abdf3c686aba') in 0.051789 seconds
  Import took 0.054022 seconds .

========================================================================
Received Prepare
Registering precompiled user dll's ...
Registered in 0.000604 seconds.
Begin MonoManager ReloadAssembly
Native extension for WindowsStandalone target not found
Refreshing native plugins compatible for Editor in 0.18 ms, found 0 plugins.
Preloading 0 native plugins for Editor in 0.00 ms.
Mono: successfully reloaded assembly
- Completed reload, in  0.606 seconds
Platform modules already initialized, skipping
Refreshing native plugins compatible for Editor in 0.18 ms, found 0 plugins.
Preloading 0 native plugins for Editor in 0.00 ms.
Unloading 1124 Unused Serialized files (Serialized files now loaded: 0)
System memory in use before: 61.0 MB.
System memory in use after: 61.1 MB.

Unloading 5 unused Assets to reduce memory usage. Loaded Objects now: 1609.
Total: 1.413300 ms (FindLiveObjects: 0.119400 ms CreateObjectMapping: 0.033600 ms MarkObjects: 1.218000 ms  DeleteObjects: 0.041600 ms)

========================================================================
Received Import Request.
  Time since last request: 426.815648 seconds.
  path: Assets/Prefabs/AnotherTurret.prefab
  artifactKey: Guid(6ae30462925fae9428aaa29cc641fea9) Importer(815301076,1909f56bfc062723c751e8b465ee728b)
Start importing Assets/Prefabs/AnotherTurret.prefab using Guid(6ae30462925fae9428aaa29cc641fea9) Importer(815301076,1909f56bfc062723c751e8b465ee728b)  -> (artifact id: 'c533903b31a88e884621d4862ee05f8e') in 0.067092 seconds
  Import took 0.070601 seconds .

========================================================================
Received Import Request.
  Time since last request: 0.000247 seconds.
  path: Assets/Prefabs/Laser Beamer.prefab
  artifactKey: Guid(4b44733902b53654ea1e9b98ebf20159) Importer(815301076,1909f56bfc062723c751e8b465ee728b)
Start importing Assets/Prefabs/Laser Beamer.prefab using Guid(4b44733902b53654ea1e9b98ebf20159) Importer(815301076,1909f56bfc062723c751e8b465ee728b)  -> (artifact id: 'd9268f2322a175a31834c46c3d0a120a') in 0.009731 seconds
  Import took 0.011660 seconds .

========================================================================
Received Import Request.
  Time since last request: 0.000300 seconds.
  path: Assets/Prefabs/Turret.prefab
  artifactKey: Guid(ddb75a4baed888544b5da6ba95fe9926) Importer(815301076,1909f56bfc062723c751e8b465ee728b)
Start importing Assets/Prefabs/Turret.prefab using Guid(ddb75a4baed888544b5da6ba95fe9926) Importer(815301076,1909f56bfc062723c751e8b465ee728b)  -> (artifact id: '0e508d935b4ad8dde904694b45495c12') in 0.010830 seconds
  Import took 0.013167 seconds .

========================================================================
Received Import Request.
  Time since last request: 0.000222 seconds.
  path: Assets/Prefabs/Missile Launcher.prefab
  artifactKey: Guid(6c13cef7878ab9440b8f57f53e1bb20f) Importer(815301076,1909f56bfc062723c751e8b465ee728b)
Start importing Assets/Prefabs/Missile Launcher.prefab using Guid(6c13cef7878ab9440b8f57f53e1bb20f) Importer(815301076,1909f56bfc062723c751e8b465ee728b)  -> (artifact id: '81422ebaba1b234a92402375a0da9452') in 0.011998 seconds
  Import took 0.014384 seconds .

========================================================================
Received Import Request.
  Time since last request: 29.664836 seconds.
  path: Assets/TowerScripts/WaveSpawner.cs
  artifactKey: Guid(86ea47c7c60ca0f4d8f74c972bee3a2f) Importer(815301076,1909f56bfc062723c751e8b465ee728b)
Start importing Assets/TowerScripts/WaveSpawner.cs using Guid(86ea47c7c60ca0f4d8f74c972bee3a2f) Importer(815301076,1909f56bfc062723c751e8b465ee728b)  -> (artifact id: '8c2030adf9846ec51fa3ebc86143b35a') in 0.006677 seconds
  Import took 0.008743 seconds .

========================================================================
Received Import Request.
  Time since last request: 6.091120 seconds.
  path: Assets/TowerScripts/Turret.cs
  artifactKey: Guid(0af8a62af4dfed64191b8e7b0bbf9744) Importer(815301076,1909f56bfc062723c751e8b465ee728b)
Start importing Assets/TowerScripts/Turret.cs using Guid(0af8a62af4dfed64191b8e7b0bbf9744) Importer(815301076,1909f56bfc062723c751e8b465ee728b)  -> (artifact id: '4f8ff62d9acfb29305f1643e89b0c864') in 0.001790 seconds
  Import took 0.003424 seconds .

========================================================================
Received Import Request.
  Time since last request: 0.001570 seconds.
  path: Assets/TowerScripts/Turret.cs
  artifactKey: Guid(0af8a62af4dfed64191b8e7b0bbf9744) Importer(815301076,1909f56bfc062723c751e8b465ee728b)
Start importing Assets/TowerScripts/Turret.cs using Guid(0af8a62af4dfed64191b8e7b0bbf9744) Importer(815301076,1909f56bfc062723c751e8b465ee728b)  -> (artifact id: '4f8ff62d9acfb29305f1643e89b0c864') in 0.001811 seconds
  Import took 0.003371 seconds .

========================================================================
Received Import Request.
  Time since last request: 15.929114 seconds.
  path: Assets/TowerScripts/BuildManager.cs
  artifactKey: Guid(295294faf0ca80f46b5f55828527918f) Importer(815301076,1909f56bfc062723c751e8b465ee728b)
Start importing Assets/TowerScripts/BuildManager.cs using Guid(295294faf0ca80f46b5f55828527918f) Importer(815301076,1909f56bfc062723c751e8b465ee728b)  -> (artifact id: '5e6258bf7d143a77e3d47bb3cd7e6996') in 0.005906 seconds
  Import took 0.007883 seconds .

========================================================================
Received Prepare
Registering precompiled user dll's ...
Registered in 0.000597 seconds.
Begin MonoManager ReloadAssembly
Native extension for WindowsStandalone target not found
Refreshing native plugins compatible for Editor in 0.18 ms, found 0 plugins.
Preloading 0 native plugins for Editor in 0.00 ms.
Mono: successfully reloaded assembly
- Completed reload, in  0.608 seconds
Platform modules already initialized, skipping
Refreshing native plugins compatible for Editor in 0.18 ms, found 0 plugins.
Preloading 0 native plugins for Editor in 0.00 ms.
Unloading 1124 Unused Serialized files (Serialized files now loaded: 0)
System memory in use before: 61.0 MB.
System memory in use after: 61.1 MB.

Unloading 5 unused Assets to reduce memory usage. Loaded Objects now: 1613.
Total: 4.704400 ms (FindLiveObjects: 0.303100 ms CreateObjectMapping: 0.101900 ms MarkObjects: 4.166100 ms  DeleteObjects: 0.130300 ms)

========================================================================
Received Prepare
Registering precompiled user dll's ...
Registered in 0.000526 seconds.
Begin MonoManager ReloadAssembly
Native extension for WindowsStandalone target not found
Refreshing native plugins compatible for Editor in 0.18 ms, found 0 plugins.
Preloading 0 native plugins for Editor in 0.00 ms.
Mono: successfully reloaded assembly
- Completed reload, in  0.605 seconds
Platform modules already initialized, skipping
Refreshing native plugins compatible for Editor in 0.18 ms, found 0 plugins.
Preloading 0 native plugins for Editor in 0.00 ms.
Unloading 1124 Unused Serialized files (Serialized files now loaded: 0)
System memory in use before: 61.0 MB.
System memory in use after: 61.1 MB.

Unloading 5 unused Assets to reduce memory usage. Loaded Objects now: 1616.
Total: 4.488000 ms (FindLiveObjects: 0.326500 ms CreateObjectMapping: 0.110000 ms MarkObjects: 3.915800 ms  DeleteObjects: 0.132500 ms)

========================================================================
Received Prepare
Registering precompiled user dll's ...
Registered in 0.000544 seconds.
Begin MonoManager ReloadAssembly
Native extension for WindowsStandalone target not found
Refreshing native plugins compatible for Editor in 0.18 ms, found 0 plugins.
Preloading 0 native plugins for Editor in 0.00 ms.
Mono: successfully reloaded assembly
- Completed reload, in  0.622 seconds
Platform modules already initialized, skipping
Refreshing native plugins compatible for Editor in 0.18 ms, found 0 plugins.
Preloading 0 native plugins for Editor in 0.00 ms.
Unloading 1124 Unused Serialized files (Serialized files now loaded: 0)
System memory in use before: 61.0 MB.
System memory in use after: 61.1 MB.

Unloading 5 unused Assets to reduce memory usage. Loaded Objects now: 1619.
Total: 4.468000 ms (FindLiveObjects: 0.307900 ms CreateObjectMapping: 0.100700 ms MarkObjects: 3.934900 ms  DeleteObjects: 0.121400 ms)

========================================================================
Received Prepare
Registering precompiled user dll's ...
Registered in 0.000561 seconds.
Begin MonoManager ReloadAssembly
Native extension for WindowsStandalone target not found
Refreshing native plugins compatible for Editor in 0.19 ms, found 0 plugins.
Preloading 0 native plugins for Editor in 0.00 ms.
Mono: successfully reloaded assembly
- Completed reload, in  0.602 seconds
Platform modules already initialized, skipping
Refreshing native plugins compatible for Editor in 0.18 ms, found 0 plugins.
Preloading 0 native plugins for Editor in 0.00 ms.
Unloading 1124 Unused Serialized files (Serialized files now loaded: 0)
System memory in use before: 61.0 MB.
System memory in use after: 61.1 MB.

Unloading 5 unused Assets to reduce memory usage. Loaded Objects now: 1622.
Total: 1.658700 ms (FindLiveObjects: 0.119700 ms CreateObjectMapping: 0.029000 ms MarkObjects: 1.468100 ms  DeleteObjects: 0.041200 ms)

========================================================================
Received Prepare
Registering precompiled user dll's ...
Registered in 0.000533 seconds.
Begin MonoManager ReloadAssembly
Native extension for WindowsStandalone target not found
Refreshing native plugins compatible for Editor in 0.19 ms, found 0 plugins.
Preloading 0 native plugins for Editor in 0.00 ms.
Mono: successfully reloaded assembly
- Completed reload, in  0.609 seconds
Platform modules already initialized, skipping
Refreshing native plugins compatible for Editor in 0.19 ms, found 0 plugins.
Preloading 0 native plugins for Editor in 0.00 ms.
Unloading 1124 Unused Serialized files (Serialized files now loaded: 0)
System memory in use before: 61.0 MB.
System memory in use after: 61.1 MB.

Unloading 5 unused Assets to reduce memory usage. Loaded Objects now: 1625.
Total: 4.451900 ms (FindLiveObjects: 0.379300 ms CreateObjectMapping: 0.103000 ms MarkObjects: 3.841100 ms  DeleteObjects: 0.125200 ms)

========================================================================
Received Prepare
Registering precompiled user dll's ...
Registered in 0.000522 seconds.
Begin MonoManager ReloadAssembly
Native extension for WindowsStandalone target not found
Refreshing native plugins compatible for Editor in 0.19 ms, found 0 plugins.
Preloading 0 native plugins for Editor in 0.00 ms.
Mono: successfully reloaded assembly
- Completed reload, in  0.609 seconds
Platform modules already initialized, skipping
Refreshing native plugins compatible for Editor in 0.18 ms, found 0 plugins.
Preloading 0 native plugins for Editor in 0.00 ms.
Unloading 1124 Unused Serialized files (Serialized files now loaded: 0)
System memory in use before: 61.0 MB.
System memory in use after: 61.1 MB.

Unloading 5 unused Assets to reduce memory usage. Loaded Objects now: 1628.
Total: 4.435300 ms (FindLiveObjects: 0.318500 ms CreateObjectMapping: 0.110700 ms MarkObjects: 3.911700 ms  DeleteObjects: 0.091600 ms)

========================================================================
Received Prepare
Registering precompiled user dll's ...
Registered in 0.000575 seconds.
Begin MonoManager ReloadAssembly
Native extension for WindowsStandalone target not found
Refreshing native plugins compatible for Editor in 0.19 ms, found 0 plugins.
Preloading 0 native plugins for Editor in 0.00 ms.
Mono: successfully reloaded assembly
- Completed reload, in  0.596 seconds
Platform modules already initialized, skipping
Refreshing native plugins compatible for Editor in 0.18 ms, found 0 plugins.
Preloading 0 native plugins for Editor in 0.00 ms.
Unloading 1124 Unused Serialized files (Serialized files now loaded: 0)
System memory in use before: 61.0 MB.
System memory in use after: 61.1 MB.

Unloading 5 unused Assets to reduce memory usage. Loaded Objects now: 1631.
Total: 4.692100 ms (FindLiveObjects: 0.387100 ms CreateObjectMapping: 0.146600 ms MarkObjects: 4.030900 ms  DeleteObjects: 0.119700 ms)

========================================================================
Received Prepare
Registering precompiled user dll's ...
Registered in 0.000555 seconds.
Begin MonoManager ReloadAssembly
Native extension for WindowsStandalone target not found
Refreshing native plugins compatible for Editor in 0.18 ms, found 0 plugins.
Preloading 0 native plugins for Editor in 0.00 ms.
Mono: successfully reloaded assembly
- Completed reload, in  0.613 seconds
Platform modules already initialized, skipping
Refreshing native plugins compatible for Editor in 0.18 ms, found 0 plugins.
Preloading 0 native plugins for Editor in 0.00 ms.
Unloading 1124 Unused Serialized files (Serialized files now loaded: 0)
System memory in use before: 61.1 MB.
System memory in use after: 61.1 MB.

Unloading 5 unused Assets to reduce memory usage. Loaded Objects now: 1634.
Total: 1.488500 ms (FindLiveObjects: 0.105800 ms CreateObjectMapping: 0.029100 ms MarkObjects: 1.315700 ms  DeleteObjects: 0.037000 ms)

AssetImportWorkerClient::OnTransportError - code=2 error=End of file
